<?xml version="1.0" encoding="UTF-8"?>
<coverage generated="1546781475">
  <project timestamp="1546781475">
    <package name="App\StrategyPattern\Model">
      <file name="C:\xampp\htdocs\designPatterns\src\strategyPattern\model/ICMS.php">
        <class name="App\StrategyPattern\Model\ICMS" namespace="App\StrategyPattern\Model">
          <metrics complexity="1" methods="1" coveredmethods="1" conditionals="0" coveredconditionals="0" statements="1" coveredstatements="1" elements="2" coveredelements="2"/>
        </class>
        <line num="7" type="method" name="calcula" visibility="public" complexity="1" crap="1" count="1"/>
        <line num="9" type="stmt" count="1"/>
        <metrics loc="12" ncloc="12" classes="1" methods="1" coveredmethods="1" conditionals="0" coveredconditionals="0" statements="1" coveredstatements="1" elements="2" coveredelements="2"/>
      </file>
      <file name="C:\xampp\htdocs\designPatterns\src\strategyPattern\model/ISS.php">
        <class name="App\StrategyPattern\Model\ISS" namespace="App\StrategyPattern\Model">
          <metrics complexity="1" methods="1" coveredmethods="1" conditionals="0" coveredconditionals="0" statements="1" coveredstatements="1" elements="2" coveredelements="2"/>
        </class>
        <line num="7" type="method" name="calcula" visibility="public" complexity="1" crap="1" count="1"/>
        <line num="9" type="stmt" count="1"/>
        <metrics loc="12" ncloc="12" classes="1" methods="1" coveredmethods="1" conditionals="0" coveredconditionals="0" statements="1" coveredstatements="1" elements="2" coveredelements="2"/>
      </file>
      <file name="C:\xampp\htdocs\designPatterns\src\strategyPattern\model/Orcamento.php">
        <class name="App\StrategyPattern\Model\Orcamento" namespace="App\StrategyPattern\Model">
          <metrics complexity="2" methods="2" coveredmethods="2" conditionals="0" coveredconditionals="0" statements="3" coveredstatements="3" elements="5" coveredelements="5"/>
        </class>
        <line num="9" type="method" name="__construct" complexity="1" crap="1" count="3"/>
        <line num="11" type="stmt" count="3"/>
        <line num="12" type="stmt" count="3"/>
        <line num="14" type="method" name="getValor" visibility="public" complexity="1" crap="1" count="2"/>
        <line num="16" type="stmt" count="2"/>
        <metrics loc="18" ncloc="18" classes="1" methods="2" coveredmethods="2" conditionals="0" coveredconditionals="0" statements="3" coveredstatements="3" elements="5" coveredelements="5"/>
      </file>
    </package>
    <file name="C:\xampp\htdocs\designPatterns\src\strategyPattern\model/IImposto.php">
      <metrics loc="8" ncloc="8" classes="0" methods="0" coveredmethods="0" conditionals="0" coveredconditionals="0" statements="0" coveredstatements="0" elements="0" coveredelements="0"/>
    </file>
    <metrics files="4" loc="50" ncloc="50" classes="3" methods="4" coveredmethods="4" conditionals="0" coveredconditionals="0" statements="5" coveredstatements="5" elements="9" coveredelements="9"/>
  </project>
</coverage>
