<?xml version="1.0" encoding="UTF-8"?>
<testsuites>
  <testsuite name="phpunit_project" tests="3" assertions="3" errors="0" failures="0" skipped="0" time="0.032749">
    <testsuite name="tests\CalculaImpostoTest" file="C:\xampp\htdocs\designPatterns\tests\CalculaImpostoTest.php" tests="2" assertions="2" errors="0" failures="0" skipped="0" time="0.024809">
      <testcase name="testCalculaICMS" class="tests\CalculaImpostoTest" classname="tests.CalculaImpostoTest" file="C:\xampp\htdocs\designPatterns\tests\CalculaImpostoTest.php" line="27" assertions="1" time="0.019847"/>
      <testcase name="testCalculaISS" class="tests\CalculaImpostoTest" classname="tests.CalculaImpostoTest" file="C:\xampp\htdocs\designPatterns\tests\CalculaImpostoTest.php" line="33" assertions="1" time="0.004962"/>
    </testsuite>
    <testsuite name="OrcamentoTest" file="C:\xampp\htdocs\designPatterns\tests\OrcamentoTest.php" tests="1" assertions="1" errors="0" failures="0" skipped="0" time="0.007940">
      <testcase name="testOrcamento" class="OrcamentoTest" classname="OrcamentoTest" file="C:\xampp\htdocs\designPatterns\tests\OrcamentoTest.php" line="8" assertions="1" time="0.007940"/>
    </testsuite>
  </testsuite>
</testsuites>
